[2021-01-04 - 08:27:06pm] : Execution Aborted while trying to prepare query
[2021-01-04 - 08:27:06pm] : INSERT INTO customer(name,surname,birthDate,phone,email,password) VALUES ('Giorgio','Bianchi','2001-01-01',,'giorgiobianchi@gmail.com','$2y$10$C1o1q450OLxbef10u56HgOsMQO4obRwxxUcWa7mrdCtvx/TRM4UOu');
[2021-01-04 - 08:27:06pm] : 
[2021-01-04 - 08:27:06pm] : 1
[2021-01-04 - 08:27:06pm] : You have an error in your SQL syntax; check the manual that corresponds to your MySQL server version for the right syntax to use near ','giorgiobianchi@gmail.com','$2y$10$C1o1q450OLxbef10u56HgOsMQO4obRwxxUcWa7mrdCtv' at line 1
[2021-01-04 - 08:32:09pm] : Execution Aborted while trying to prepare query
[2021-01-04 - 08:32:09pm] : INSERT INTO customer(name,surname,birthDate,phone,email,password) VALUES (Giorgio,Bianchi,2001-01-01,,giorgio.rossi98@gmail.com,$2y$10$XVr.S6jlRZJktZlaOsOrY.PwASNj.GI0dV0Ox.mc54B5aAtkI4dVq);
[2021-01-04 - 08:32:09pm] : 
[2021-01-04 - 08:32:09pm] : 1
[2021-01-04 - 08:32:09pm] : You have an error in your SQL syntax; check the manual that corresponds to your MySQL server version for the right syntax to use near ',giorgio.rossi98@gmail.com,$2y$10$XVr.S6jlRZJktZlaOsOrY.PwASNj.GI0dV0Ox.mc54B5aA' at line 1
[2021-01-04 - 08:39:40pm] : Execution Aborted while trying to prepare query
[2021-01-04 - 08:39:40pm] : INSERT INTO customer(name,surname,birthDate,phone,email,password) VALUES (Giorgio,Bianchi,2001-01-01,1111111111,giorgio.rossi98@gmail.com,$2y$10$jrA1VgCbRkVj7YiTwBN19uWVMkT417t9LFwg8c5kdGQUEcQ6ZOe.m);
[2021-01-04 - 08:39:40pm] : 
[2021-01-04 - 08:39:40pm] : 1
[2021-01-04 - 08:39:40pm] : You have an error in your SQL syntax; check the manual that corresponds to your MySQL server version for the right syntax to use near '@gmail.com,$2y$10$jrA1VgCbRkVj7YiTwBN19uWVMkT417t9LFwg8c5kdGQUEcQ6ZOe.m)' at line 1
[2021-01-04 - 08:41:10pm] : Execution Aborted while trying to prepare query
[2021-01-04 - 08:41:10pm] : INSERT INTO customer(name,surname,birthDate,phone,email,password) VALUES (Giorgio,Bianchi,2001-01-01,1111111111,giorgiobianchi@gmail.com,$2y$10$icbXsabUMSYGOIhY6X.5senlL25gO5t1AMEcxLeXBcSp4by7UPnBG);
[2021-01-04 - 08:41:10pm] : 
[2021-01-04 - 08:41:10pm] : 1
[2021-01-04 - 08:41:10pm] : You have an error in your SQL syntax; check the manual that corresponds to your MySQL server version for the right syntax to use near '@gmail.com,$2y$10$icbXsabUMSYGOIhY6X.5senlL25gO5t1AMEcxLeXBcSp4by7UPnBG)' at line 1
